  Il2CppDumper.cpp
Il2CppDumper.cpp(83): warning C4018: '<': signed/unsigned mismatch
Il2CppDumper.cpp(94): warning C4018: '<': signed/unsigned mismatch
Il2CppDumper.cpp(102): warning C4018: '<': signed/unsigned mismatch
Il2CppDumper.cpp(270): warning C4477: 'fprintf_s' : format string '%ld' requires an argument of type 'long', but variadic argument 1 has type '__int64'
  Il2CppDumper.cpp(270): note: consider using '%lld' in the format string
  Il2CppDumper.cpp(270): note: consider using '%I64d' in the format string
Il2CppDumper.cpp(276): warning C4477: 'fprintf_s' : format string '%lu' requires an argument of type 'unsigned long', but variadic argument 1 has type '__int64'
  Il2CppDumper.cpp(276): note: consider using '%llu' in the format string
  Il2CppDumper.cpp(276): note: consider using '%I64u' in the format string
Il2CppDumper.cpp(371): warning C4010: single-line comment contains line-continuation character
Il2CppDumper.cpp(353): warning C4996: 'fopen': This function or variable may be unsafe. Consider using fopen_s instead. To disable deprecation, use _CRT_SECURE_NO_WARNINGS. See online help for details.
  C:\Program Files (x86)\Windows Kits\10\Include\10.0.14393.0\ucrt\stdio.h(207): note: see declaration of 'fopen'
  elf_utils.cpp
  il2cpp_utils.cpp
il2cpp_utils.cpp(159): warning C4996: 'fopen': This function or variable may be unsafe. Consider using fopen_s instead. To disable deprecation, use _CRT_SECURE_NO_WARNINGS. See online help for details.
  C:\Program Files (x86)\Windows Kits\10\Include\10.0.14393.0\ucrt\stdio.h(207): note: see declaration of 'fopen'
il2cpp_utils.cpp(188): warning C4996: 'freopen': This function or variable may be unsafe. Consider using freopen_s instead. To disable deprecation, use _CRT_SECURE_NO_WARNINGS. See online help for details.
  C:\Program Files (x86)\Windows Kits\10\Include\10.0.14393.0\ucrt\stdio.h(242): note: see declaration of 'freopen'
  Generating code
  676 of 718 functions (94.2%) were compiled, the rest were copied from previous compilation.
    0 functions were new in current compilation
    8 functions had inline decision re-evaluated but remain unchanged
  Finished generating code
  Il2CppDumper.vcxproj -> D:\Programming\Il2CppDumper-master\Release\Il2CppDumper.exe
  Il2CppDumper.vcxproj -> D:\Programming\Il2CppDumper-master\Release\Il2CppDumper.pdb (Full PDB)
